#
# There is insufficient memory for the Java Runtime Environment to continue.
# Native memory allocation (mmap) failed to map 62914560 bytes for Failed to commit area from 0x0000000088000000 to 0x000000008bc00000 of length 62914560.
# Possible reasons:
#   The system is out of physical RAM or swap space
#   The process is running with CompressedOops enabled, and the Java Heap may be blocking the growth of the native heap
# Possible solutions:
#   Reduce memory load on the system
#   Increase physical memory or swap space
#   Check if swap backing store is full
#   Decrease Java heap size (-Xmx/-Xms)
#   Decrease number of Java threads
#   Decrease Java thread stack sizes (-Xss)
#   Set larger code cache with -XX:ReservedCodeCacheSize=
#   JVM is running with Unscaled Compressed Oops mode in which the Java heap is
#     placed in the first 4GB address space. The Java Heap base address is the
#     maximum limit for the native heap growth. Please use -XX:HeapBaseMinAddress
#     to set the Java Heap base and to place the Java Heap above 4GB virtual address.
# This output file may be truncated or incomplete.
#
#  Out of Memory Error (./open/src/hotspot/os/windows/os_windows.cpp:3271), pid=16596, tid=19160
#
# JRE version: Java(TM) SE Runtime Environment 18.9 (11.0.7+8) (build 11.0.7+8-LTS)
# Java VM: Java HotSpot(TM) 64-Bit Server VM 18.9 (11.0.7+8-LTS, mixed mode, tiered, compressed oops, g1 gc, windows-amd64)
# No core dump will be written. Minidumps are not enabled by default on client versions of Windows
#

---------------  S U M M A R Y ------------

Command Line: -XX:TieredStopAtLevel=1 -Xverify:none -Dspring.output.ansi.enabled=always -Dcom.sun.management.jmxremote -Dspring.jmx.enabled=true -Dspring.liveBeansView.mbeanDomain -Dspring.application.admin.enabled=true -javaagent:C:\Program Files\JetBrains\IntelliJ IDEA 2020.1.1\lib\idea_rt.jar=64982:C:\Program Files\JetBrains\IntelliJ IDEA 2020.1.1\bin -Dfile.encoding=UTF-8 com.vivek.spring.restAPI.Application

Host: Intel(R) Xeon(R) CPU E5-2673 v4 @ 2.30GHz, 2 cores, 7G,  Windows 10 , 64 bit Build 18362 (10.0.18362.778)
Time: Thu May 14 13:49:27 2020 India Standard Time elapsed time: 8 seconds (0d 0h 0m 8s)

---------------  T H R E A D  ---------------

Current thread (0x00000278a1439800):  VMThread "VM Thread" [stack: 0x000000fc14c00000,0x000000fc14d00000] [id=19160]

Stack: [0x000000fc14c00000,0x000000fc14d00000]
[error occurred during error reporting (printing stack bounds), id 0xc0000005, EXCEPTION_ACCESS_VIOLATION (0xc0000005) at pc=0x00000278a9e80bad]

Native frames: (J=compiled Java code, j=interpreted, Vv=VM code, C=native code)
V  [jvm.dll+0x661a7a]
V  [jvm.dll+0x7a1b2f]
V  [jvm.dll+0x7a31d5]
V  [jvm.dll+0x7a37a5]
V  [jvm.dll+0x7a375b]
V  [jvm.dll+0x661176]
V  [jvm.dll+0x661548]
C  [ntdll.dll+0xa11cf]
C  [ntdll.dll+0x6a209]
C  [ntdll.dll+0x9fe3e]
C  0x00000278a9e80bad

VM_Operation (0x000000fc15afc200): G1CollectForAllocation, mode: safepoint, requested by thread 0x00000278c1099000


---------------  P R O C E S S  ---------------

Threads class SMR info:
_java_thread_list=0x00000278c1d1af40, length=13, elements={
0x00000278a1254800, 0x00000278a1442800, 0x00000278a1444000, 0x00000278c048d800,
0x00000278c048e800, 0x00000278c0492800, 0x00000278c04b2800, 0x00000278c05be000,
0x00000278c0a2c000, 0x00000278c0a2d000, 0x00000278c0c07000, 0x00000278c1097000,
0x00000278c1099000
}

Java Threads: ( => current thread )
  0x00000278a1254800 JavaThread "main" [_thread_blocked, id=16644, stack(0x000000fc14600000,0x000000fc14700000)]
  0x00000278a1442800 JavaThread "Reference Handler" daemon [_thread_blocked, id=13956, stack(0x000000fc14d00000,0x000000fc14e00000)]
  0x00000278a1444000 JavaThread "Finalizer" daemon [_thread_blocked, id=13788, stack(0x000000fc14e00000,0x000000fc14f00000)]
  0x00000278c048d800 JavaThread "Signal Dispatcher" daemon [_thread_blocked, id=17900, stack(0x000000fc14f00000,0x000000fc15000000)]
  0x00000278c048e800 JavaThread "Attach Listener" daemon [_thread_blocked, id=15288, stack(0x000000fc15000000,0x000000fc15100000)]
  0x00000278c0492800 JavaThread "C1 CompilerThread0" daemon [_thread_blocked, id=15260, stack(0x000000fc15100000,0x000000fc15200000)]
  0x00000278c04b2800 JavaThread "Sweeper thread" daemon [_thread_blocked, id=20136, stack(0x000000fc15200000,0x000000fc15300000)]
  0x00000278c05be000 JavaThread "Common-Cleaner" daemon [_thread_blocked, id=11960, stack(0x000000fc15300000,0x000000fc15400000)]
  0x00000278c0a2c000 JavaThread "Monitor Ctrl-Break" daemon [_thread_in_native, id=17264, stack(0x000000fc15400000,0x000000fc15500000)]
  0x00000278c0a2d000 JavaThread "Service Thread" daemon [_thread_blocked, id=5924, stack(0x000000fc15500000,0x000000fc15600000)]
  0x00000278c0c07000 JavaThread "RMI TCP Accept-0" daemon [_thread_in_native, id=16444, stack(0x000000fc15700000,0x000000fc15800000)]
  0x00000278c1097000 JavaThread "Thread-0" [_thread_blocked, id=10048, stack(0x000000fc15900000,0x000000fc15a00000)]
  0x00000278c1099000 JavaThread "restartedMain" [_thread_blocked, id=6076, stack(0x000000fc15a00000,0x000000fc15b00000)]

Other Threads:
=>0x00000278a1439800 VMThread "VM Thread" [stack: 0x000000fc14c00000,0x000000fc14d00000] [id=19160]
  0x00000278c0c71800 WatcherThread [stack: 0x000000fc15800000,0x000000fc15900000] [id=11816]
  0x00000278a1268000 GCTaskThread "GC Thread#0" [stack: 0x000000fc14700000,0x000000fc14800000] [id=7388]
  0x00000278c0bcb800 GCTaskThread "GC Thread#1" [stack: 0x000000fc15600000,0x000000fc15700000] [id=19152]
  0x00000278a1293000 ConcurrentGCThread "G1 Main Marker" [stack: 0x000000fc14800000,0x000000fc14900000] [id=18948]
  0x00000278a1294800 ConcurrentGCThread "G1 Conc#0" [stack: 0x000000fc14900000,0x000000fc14a00000] [id=11224]
  0x00000278a131b800 ConcurrentGCThread "G1 Refine#0" [stack: 0x000000fc14a00000,0x000000fc14b00000] [id=7892]
  0x00000278a131f000 ConcurrentGCThread "G1 Young RemSet Sampling" [stack: 0x000000fc14b00000,0x000000fc14c00000] [id=17428]

Threads with active compile tasks:

VM state:at safepoint (normal execution)

VM Mutex/Monitor currently owned by a thread:  ([mutex/lock_event])
[0x00000278a1251a20] Threads_lock - owner thread: 0x00000278a1439800
[0x00000278a12517e0] Heap_lock - owner thread: 0x00000278c1099000

Heap address: 0x0000000080000000, size: 2048 MB, Compressed Oops mode: 32-bit
Narrow klass base: 0x0000000000000000, Narrow klass shift: 3
Compressed class space size: 1073741824 Address: 0x0000000100000000

Heap:
 garbage-first heap   total 192512K, used 14014K [0x0000000080000000, 0x0000000100000000)
  region size 1024K, 7 young (7168K), 7 survivors (7168K)
 Metaspace       used 32260K, capacity 33328K, committed 33584K, reserved 1079296K
  class space    used 4075K, capacity 4475K, committed 4480K, reserved 1048576K
Heap Regions: E=young(eden), S=young(survivor), O=old, HS=humongous(starts), HC=humongous(continues), CS=collection set, F=free, A=archive, TAMS=top-at-mark-start (previous, next)
|   0|0x0000000080000000, 0x0000000080100000, 0x0000000080100000|100%|HS|  |TAMS 0x0000000080100000, 0x0000000080000000| Complete 
|   1|0x0000000080100000, 0x0000000080200000, 0x0000000080200000|100%| O|  |TAMS 0x0000000080200000, 0x0000000080100000| Untracked 
|   2|0x0000000080200000, 0x0000000080300000, 0x0000000080300000|100%| O|  |TAMS 0x0000000080300000, 0x0000000080200000| Untracked 
|   3|0x0000000080300000, 0x0000000080400000, 0x0000000080400000|100%| O|  |TAMS 0x0000000080400000, 0x0000000080300000| Untracked 
|   4|0x0000000080400000, 0x0000000080500000, 0x0000000080500000|100%| O|  |TAMS 0x0000000080500000, 0x0000000080400000| Untracked 
|   5|0x0000000080500000, 0x0000000080600000, 0x0000000080600000|100%| O|  |TAMS 0x0000000080600000, 0x0000000080500000| Untracked 
|   6|0x0000000080600000, 0x00000000806d5c00, 0x0000000080700000| 83%| O|  |TAMS 0x00000000806d5c00, 0x0000000080600000| Untracked 
|   7|0x0000000080700000, 0x0000000080700000, 0x0000000080800000|  0%| F|  |TAMS 0x0000000080700000, 0x0000000080700000| Untracked 
|   8|0x0000000080800000, 0x0000000080800000, 0x0000000080900000|  0%| F|  |TAMS 0x0000000080800000, 0x0000000080800000| Untracked 
|   9|0x0000000080900000, 0x0000000080900000, 0x0000000080a00000|  0%| F|  |TAMS 0x0000000080900000, 0x0000000080900000| Untracked 
|  10|0x0000000080a00000, 0x0000000080a00000, 0x0000000080b00000|  0%| F|  |TAMS 0x0000000080a00000, 0x0000000080a00000| Untracked 
|  11|0x0000000080b00000, 0x0000000080b00000, 0x0000000080c00000|  0%| F|  |TAMS 0x0000000080b00000, 0x0000000080b00000| Untracked 
|  12|0x0000000080c00000, 0x0000000080c00000, 0x0000000080d00000|  0%| F|  |TAMS 0x0000000080c00000, 0x0000000080c00000| Untracked 
|  13|0x0000000080d00000, 0x0000000080d00000, 0x0000000080e00000|  0%| F|  |TAMS 0x0000000080d00000, 0x0000000080d00000| Untracked 
|  14|0x0000000080e00000, 0x0000000080e00000, 0x0000000080f00000|  0%| F|  |TAMS 0x0000000080e00000, 0x0000000080e00000| Untracked 
|  15|0x0000000080f00000, 0x0000000080f00000, 0x0000000081000000|  0%| F|  |TAMS 0x0000000080f00000, 0x0000000080f00000| Untracked 
|  16|0x0000000081000000, 0x0000000081000000, 0x0000000081100000|  0%| F|  |TAMS 0x0000000081000000, 0x0000000081000000| Untracked 
|  17|0x0000000081100000, 0x0000000081100000, 0x0000000081200000|  0%| F|  |TAMS 0x0000000081100000, 0x0000000081100000| Untracked 
|  18|0x0000000081200000, 0x0000000081200000, 0x0000000081300000|  0%| F|  |TAMS 0x0000000081200000, 0x0000000081200000| Untracked 
|  19|0x0000000081300000, 0x0000000081300000, 0x0000000081400000|  0%| F|  |TAMS 0x0000000081300000, 0x0000000081300000| Untracked 
|  20|0x0000000081400000, 0x0000000081400000, 0x0000000081500000|  0%| F|  |TAMS 0x0000000081400000, 0x0000000081400000| Untracked 
|  21|0x0000000081500000, 0x0000000081500000, 0x0000000081600000|  0%| F|  |TAMS 0x0000000081500000, 0x0000000081500000| Untracked 
|  22|0x0000000081600000, 0x0000000081600000, 0x0000000081700000|  0%| F|  |TAMS 0x0000000081600000, 0x0000000081600000| Untracked 
|  23|0x0000000081700000, 0x0000000081700000, 0x0000000081800000|  0%| F|  |TAMS 0x0000000081700000, 0x0000000081700000| Untracked 
|  24|0x0000000081800000, 0x0000000081800000, 0x0000000081900000|  0%| F|  |TAMS 0x0000000081800000, 0x0000000081800000| Untracked 
|  25|0x0000000081900000, 0x0000000081900000, 0x0000000081a00000|  0%| F|  |TAMS 0x0000000081900000, 0x0000000081900000| Untracked 
|  26|0x0000000081a00000, 0x0000000081a00000, 0x0000000081b00000|  0%| F|  |TAMS 0x0000000081a00000, 0x0000000081a00000| Untracked 
|  27|0x0000000081b00000, 0x0000000081b00000, 0x0000000081c00000|  0%| F|  |TAMS 0x0000000081b00000, 0x0000000081b00000| Untracked 
|  28|0x0000000081c00000, 0x0000000081c00000, 0x0000000081d00000|  0%| F|  |TAMS 0x0000000081c00000, 0x0000000081c00000| Untracked 
|  29|0x0000000081d00000, 0x0000000081d00000, 0x0000000081e00000|  0%| F|  |TAMS 0x0000000081d00000, 0x0000000081d00000| Untracked 
|  30|0x0000000081e00000, 0x0000000081e00000, 0x0000000081f00000|  0%| F|  |TAMS 0x0000000081e00000, 0x0000000081e00000| Untracked 
|  31|0x0000000081f00000, 0x0000000081f00000, 0x0000000082000000|  0%| F|  |TAMS 0x0000000081f00000, 0x0000000081f00000| Untracked 
|  32|0x0000000082000000, 0x0000000082000000, 0x0000000082100000|  0%| F|  |TAMS 0x0000000082000000, 0x0000000082000000| Untracked 
|  33|0x0000000082100000, 0x0000000082100000, 0x0000000082200000|  0%| F|  |TAMS 0x0000000082100000, 0x0000000082100000| Untracked 
|  34|0x0000000082200000, 0x0000000082200000, 0x0000000082300000|  0%| F|  |TAMS 0x0000000082200000, 0x0000000082200000| Untracked 
|  35|0x0000000082300000, 0x0000000082300000, 0x0000000082400000|  0%| F|  |TAMS 0x0000000082300000, 0x0000000082300000| Untracked 
|  36|0x0000000082400000, 0x0000000082400000, 0x0000000082500000|  0%| F|  |TAMS 0x0000000082400000, 0x0000000082400000| Untracked 
|  37|0x0000000082500000, 0x0000000082500000, 0x0000000082600000|  0%| F|  |TAMS 0x0000000082500000, 0x0000000082500000| Untracked 
|  38|0x0000000082600000, 0x0000000082600000, 0x0000000082700000|  0%| F|  |TAMS 0x0000000082600000, 0x0000000082600000| Untracked 
|  39|0x0000000082700000, 0x0000000082700000, 0x0000000082800000|  0%| F|  |TAMS 0x0000000082700000, 0x0000000082700000| Untracked 
|  40|0x0000000082800000, 0x0000000082800000, 0x0000000082900000|  0%| F|  |TAMS 0x0000000082800000, 0x0000000082800000| Untracked 
|  41|0x0000000082900000, 0x0000000082900000, 0x0000000082a00000|  0%| F|  |TAMS 0x0000000082900000, 0x0000000082900000| Untracked 
|  42|0x0000000082a00000, 0x0000000082a00000, 0x0000000082b00000|  0%| F|  |TAMS 0x0000000082a00000, 0x0000000082a00000| Untracked 
|  43|0x0000000082b00000, 0x0000000082b00000, 0x0000000082c00000|  0%| F|  |TAMS 0x0000000082b00000, 0x0000000082b00000| Untracked 
|  44|0x0000000082c00000, 0x0000000082c00000, 0x0000000082d00000|  0%| F|  |TAMS 0x0000000082c00000, 0x0000000082c00000| Untracked 
|  45|0x0000000082d00000, 0x0000000082dd9dc8, 0x0000000082e00000| 85%| S|CS|TAMS 0x0000000082d00000, 0x0000000082d00000| Complete 
|  46|0x0000000082e00000, 0x0000000082f00000, 0x0000000082f00000|100%| S|CS|TAMS 0x0000000082e00000, 0x0000000082e00000| Complete 
|  47|0x0000000082f00000, 0x0000000083000000, 0x0000000083000000|100%| S|CS|TAMS 0x0000000082f00000, 0x0000000082f00000| Complete 
|  48|0x0000000083000000, 0x0000000083000000, 0x0000000083100000|  0%| F|  |TAMS 0x0000000083000000, 0x0000000083000000| Untracked 
|  49|0x0000000083100000, 0x0000000083100000, 0x0000000083200000|  0%| F|  |TAMS 0x0000000083100000, 0x0000000083100000| Untracked 
|  50|0x0000000083200000, 0x0000000083200000, 0x0000000083300000|  0%| F|  |TAMS 0x0000000083200000, 0x0000000083200000| Untracked 
|  51|0x0000000083300000, 0x0000000083300000, 0x0000000083400000|  0%| F|  |TAMS 0x0000000083300000, 0x0000000083300000| Untracked 
|  52|0x0000000083400000, 0x0000000083500000, 0x0000000083500000|100%| S|CS|TAMS 0x0000000083400000, 0x0000000083400000| Complete 
|  53|0x0000000083500000, 0x0000000083600000, 0x0000000083600000|100%| S|CS|TAMS 0x0000000083500000, 0x0000000083500000| Complete 
|  54|0x0000000083600000, 0x0000000083700000, 0x0000000083700000|100%| S|CS|TAMS 0x0000000083600000, 0x0000000083600000| Complete 
|  55|0x0000000083700000, 0x0000000083800000, 0x0000000083800000|100%| S|CS|TAMS 0x0000000083700000, 0x0000000083700000| Complete 
|  56|0x0000000083800000, 0x0000000083800000, 0x0000000083900000|  0%| F|  |TAMS 0x0000000083800000, 0x0000000083800000| Untracked 
|  57|0x0000000083900000, 0x0000000083900000, 0x0000000083a00000|  0%| F|  |TAMS 0x0000000083900000, 0x0000000083900000| Untracked 
|  58|0x0000000083a00000, 0x0000000083a00000, 0x0000000083b00000|  0%| F|  |TAMS 0x0000000083a00000, 0x0000000083a00000| Untracked 
|  59|0x0000000083b00000, 0x0000000083b00000, 0x0000000083c00000|  0%| F|  |TAMS 0x0000000083b00000, 0x0000000083b00000| Untracked 
|  60|0x0000000083c00000, 0x0000000083c00000, 0x0000000083d00000|  0%| F|  |TAMS 0x0000000083c00000, 0x0000000083c00000| Untracked 
|  61|0x0000000083d00000, 0x0000000083d00000, 0x0000000083e00000|  0%| F|  |TAMS 0x0000000083d00000, 0x0000000083d00000| Untracked 
|  62|0x0000000083e00000, 0x0000000083e00000, 0x0000000083f00000|  0%| F|  |TAMS 0x0000000083e00000, 0x0000000083e00000| Untracked 
|  63|0x0000000083f00000, 0x0000000083f00000, 0x0000000084000000|  0%| F|  |TAMS 0x0000000083f00000, 0x0000000083f00000| Untracked 
|  64|0x0000000084000000, 0x0000000084000000, 0x0000000084100000|  0%| F|  |TAMS 0x0000000084000000, 0x0000000084000000| Untracked 
|  65|0x0000000084100000, 0x0000000084100000, 0x0000000084200000|  0%| F|  |TAMS 0x0000000084100000, 0x0000000084100000| Untracked 
|  66|0x0000000084200000, 0x0000000084200000, 0x0000000084300000|  0%| F|  |TAMS 0x0000000084200000, 0x0000000084200000| Untracked 
|  67|0x0000000084300000, 0x0000000084300000, 0x0000000084400000|  0%| F|  |TAMS 0x0000000084300000, 0x0000000084300000| Untracked 
|  68|0x0000000084400000, 0x0000000084400000, 0x0000000084500000|  0%| F|  |TAMS 0x0000000084400000, 0x0000000084400000| Untracked 
|  69|0x0000000084500000, 0x0000000084500000, 0x0000000084600000|  0%| F|  |TAMS 0x0000000084500000, 0x0000000084500000| Untracked 
|  70|0x0000000084600000, 0x0000000084600000, 0x0000000084700000|  0%| F|  |TAMS 0x0000000084600000, 0x0000000084600000| Untracked 
|  71|0x0000000084700000, 0x0000000084700000, 0x0000000084800000|  0%| F|  |TAMS 0x0000000084700000, 0x0000000084700000| Untracked 
|  72|0x0000000084800000, 0x0000000084800000, 0x0000000084900000|  0%| F|  |TAMS 0x0000000084800000, 0x0000000084800000| Untracked 
|  73|0x0000000084900000, 0x0000000084900000, 0x0000000084a00000|  0%| F|  |TAMS 0x0000000084900000, 0x0000000084900000| Untracked 
|  74|0x0000000084a00000, 0x0000000084a00000, 0x0000000084b00000|  0%| F|  |TAMS 0x0000000084a00000, 0x0000000084a00000| Untracked 
|  75|0x0000000084b00000, 0x0000000084b00000, 0x0000000084c00000|  0%| F|  |TAMS 0x0000000084b00000, 0x0000000084b00000| Untracked 
|  76|0x0000000084c00000, 0x0000000084c00000, 0x0000000084d00000|  0%| F|  |TAMS 0x0000000084c00000, 0x0000000084c00000| Untracked 
|  77|0x0000000084d00000, 0x0000000084d00000, 0x0000000084e00000|  0%| F|  |TAMS 0x0000000084d00000, 0x0000000084d00000| Untracked 
|  78|0x0000000084e00000, 0x0000000084e00000, 0x0000000084f00000|  0%| F|  |TAMS 0x0000000084e00000, 0x0000000084e00000| Untracked 
|  79|0x0000000084f00000, 0x0000000084f00000, 0x0000000085000000|  0%| F|  |TAMS 0x0000000084f00000, 0x0000000084f00000| Untracked 
|  80|0x0000000085000000, 0x0000000085000000, 0x0000000085100000|  0%| F|  |TAMS 0x0000000085000000, 0x0000000085000000| Untracked 
|  81|0x0000000085100000, 0x0000000085100000, 0x0000000085200000|  0%| F|  |TAMS 0x0000000085100000, 0x0000000085100000| Untracked 
|  82|0x0000000085200000, 0x0000000085200000, 0x0000000085300000|  0%| F|  |TAMS 0x0000000085200000, 0x0000000085200000| Untracked 
|  83|0x0000000085300000, 0x0000000085300000, 0x0000000085400000|  0%| F|  |TAMS 0x0000000085300000, 0x0000000085300000| Untracked 
|  84|0x0000000085400000, 0x0000000085400000, 0x0000000085500000|  0%| F|  |TAMS 0x0000000085400000, 0x0000000085400000| Untracked 
|  85|0x0000000085500000, 0x0000000085500000, 0x0000000085600000|  0%| F|  |TAMS 0x0000000085500000, 0x0000000085500000| Untracked 
|  86|0x0000000085600000, 0x0000000085600000, 0x0000000085700000|  0%| F|  |TAMS 0x0000000085600000, 0x0000000085600000| Untracked 
|  87|0x0000000085700000, 0x0000000085700000, 0x0000000085800000|  0%| F|  |TAMS 0x0000000085700000, 0x0000000085700000| Untracked 
|  88|0x0000000085800000, 0x0000000085800000, 0x0000000085900000|  0%| F|  |TAMS 0x0000000085800000, 0x0000000085800000| Untracked 
|  89|0x0000000085900000, 0x0000000085900000, 0x0000000085a00000|  0%| F|  |TAMS 0x0000000085900000, 0x0000000085900000| Untracked 
|  90|0x0000000085a00000, 0x0000000085a00000, 0x0000000085b00000|  0%| F|  |TAMS 0x0000000085a00000, 0x0000000085a00000| Untracked 
|  91|0x0000000085b00000, 0x0000000085b00000, 0x0000000085c00000|  0%| F|  |TAMS 0x0000000085b00000, 0x0000000085b00000| Untracked 
|  92|0x0000000085c00000, 0x0000000085c00000, 0x0000000085d00000|  0%| F|  |TAMS 0x0000000085c00000, 0x0000000085c00000| Untracked 
|  93|0x0000000085d00000, 0x0000000085d00000, 0x0000000085e00000|  0%| F|  |TAMS 0x0000000085d00000, 0x0000000085d00000| Untracked 
|  94|0x0000000085e00000, 0x0000000085e00000, 0x0000000085f00000|  0%| F|  |TAMS 0x0000000085e00000, 0x0000000085e00000| Untracked 
|  95|0x0000000085f00000, 0x0000000085f00000, 0x0000000086000000|  0%| F|  |TAMS 0x0000000085f00000, 0x0000000085f00000| Untracked 
|  96|0x0000000086000000, 0x0000000086000000, 0x0000000086100000|  0%| F|  |TAMS 0x0000000086000000, 0x0000000086000000| Untracked 
|  97|0x0000000086100000, 0x0000000086100000, 0x0000000086200000|  0%| F|  |TAMS 0x0000000086100000, 0x0000000086100000| Untracked 
|  98|0x0000000086200000, 0x0000000086200000, 0x0000000086300000|  0%| F|  |TAMS 0x0000000086200000, 0x0000000086200000| Untracked 
|  99|0x0000000086300000, 0x0000000086300000, 0x0000000086400000|  0%| F|  |TAMS 0x0000000086300000, 0x0000000086300000| Untracked 
| 100|0x0000000086400000, 0x0000000086400000, 0x0000000086500000|  0%| F|  |TAMS 0x0000000086400000, 0x0000000086400000| Untracked 
| 101|0x0000000086500000, 0x0000000086500000, 0x0000000086600000|  0%| F|  |TAMS 0x0000000086500000, 0x0000000086500000| Untracked 
| 102|0x0000000086600000, 0x0000000086600000, 0x0000000086700000|  0%| F|  |TAMS 0x0000000086600000, 0x0000000086600000| Untracked 
| 103|0x0000000086700000, 0x0000000086700000, 0x0000000086800000|  0%| F|  |TAMS 0x0000000086700000, 0x0000000086700000| Untracked 
| 104|0x0000000086800000, 0x0000000086800000, 0x0000000086900000|  0%| F|  |TAMS 0x0000000086800000, 0x0000000086800000| Untracked 
| 105|0x0000000086900000, 0x0000000086900000, 0x0000000086a00000|  0%| F|  |TAMS 0x0000000086900000, 0x0000000086900000| Untracked 
| 106|0x0000000086a00000, 0x0000000086a00000, 0x0000000086b00000|  0%| F|  |TAMS 0x0000000086a00000, 0x0000000086a00000| Untracked 
| 107|0x0000000086b00000, 0x0000000086b00000, 0x0000000086c00000|  0%| F|  |TAMS 0x0000000086b00000, 0x0000000086b00000| Untracked 
| 108|0x0000000086c00000, 0x0000000086c00000, 0x0000000086d00000|  0%| F|  |TAMS 0x0000000086c00000, 0x0000000086c00000| Untracked 
| 109|0x0000000086d00000, 0x0000000086d00000, 0x0000000086e00000|  0%| F|  |TAMS 0x0000000086d00000, 0x0000000086d00000| Untracked 
| 110|0x0000000086e00000, 0x0000000086e00000, 0x0000000086f00000|  0%| F|  |TAMS 0x0000000086e00000, 0x0000000086e00000| Untracked 
| 111|0x0000000086f00000, 0x0000000086f00000, 0x0000000087000000|  0%| F|  |TAMS 0x0000000086f00000, 0x0000000086f00000| Untracked 
| 112|0x0000000087000000, 0x0000000087000000, 0x0000000087100000|  0%| F|  |TAMS 0x0000000087000000, 0x0000000087000000| Untracked 
| 113|0x0000000087100000, 0x0000000087100000, 0x0000000087200000|  0%| F|  |TAMS 0x0000000087100000, 0x0000000087100000| Untracked 
| 114|0x0000000087200000, 0x0000000087200000, 0x0000000087300000|  0%| F|  |TAMS 0x0000000087200000, 0x0000000087200000| Untracked 
| 115|0x0000000087300000, 0x0000000087300000, 0x0000000087400000|  0%| F|  |TAMS 0x0000000087300000, 0x0000000087300000| Untracked 
| 116|0x0000000087400000, 0x0000000087400000, 0x0000000087500000|  0%| F|  |TAMS 0x0000000087400000, 0x0000000087400000| Untracked 
| 117|0x0000000087500000, 0x0000000087500000, 0x0000000087600000|  0%| F|  |TAMS 0x0000000087500000, 0x0000000087500000| Untracked 
| 118|0x0000000087600000, 0x0000000087600000, 0x0000000087700000|  0%| F|  |TAMS 0x0000000087600000, 0x0000000087600000| Untracked 
| 119|0x0000000087700000, 0x0000000087700000, 0x0000000087800000|  0%| F|  |TAMS 0x0000000087700000, 0x0000000087700000| Untracked 
| 120|0x0000000087800000, 0x0000000087800000, 0x0000000087900000|  0%| F|  |TAMS 0x0000000087800000, 0x0000000087800000| Untracked 
| 121|0x0000000087900000, 0x0000000087900000, 0x0000000087a00000|  0%| F|  |TAMS 0x0000000087900000, 0x0000000087900000| Untracked 
| 122|0x0000000087a00000, 0x0000000087a00000, 0x0000000087b00000|  0%| F|  |TAMS 0x0000000087a00000, 0x0000000087a00000| Untracked 
| 123|0x0000000087b00000, 0x0000000087b00000, 0x0000000087c00000|  0%| F|  |TAMS 0x0000000087b00000, 0x0000000087b00000| Untracked 
| 124|0x0000000087c00000, 0x0000000087c00000, 0x0000000087d00000|  0%| F|  |TAMS 0x0000000087c00000, 0x0000000087c00000| Untracked 
| 125|0x0000000087d00000, 0x0000000087d00000, 0x0000000087e00000|  0%| F|  |TAMS 0x0000000087d00000, 0x0000000087d00000| Untracked 
| 126|0x0000000087e00000, 0x0000000087e00000, 0x0000000087f00000|  0%| F|  |TAMS 0x0000000087e00000, 0x0000000087e00000| Untracked 
| 127|0x0000000087f00000, 0x0000000087f00000, 0x0000000088000000|  0%| F|  |TAMS 0x0000000087f00000, 0x0000000087f00000| Untracked 

Card table byte_map: [0x00000278b9280000,0x00000278b9680000] _byte_map_base: 0x00000278b8e80000

Marking Bits (Prev, Next): (CMBitMap*) 0x00000278a1b4e870, (CMBitMap*) 0x00000278a1b4e838
 Prev Bits: [0x00000278bba80000, 0x00000278bda80000)
 Next Bits: [0x00000278b9a80000, 0x00000278bba80000)

Polling page: 0x000002789f200000

Metaspace:

Usage:
  Non-class:     28.18 MB capacity,    27.52 MB ( 98%) used,   550.35 KB (  2%) free+waste,   118.06 KB ( <1%) overhead. 
      Class:      4.37 MB capacity,     3.98 MB ( 91%) used,   340.20 KB (  8%) free+waste,    59.06 KB (  1%) overhead. 
       Both:     32.55 MB capacity,    31.50 MB ( 97%) used,   890.55 KB (  3%) free+waste,   177.13 KB ( <1%) overhead. 

Virtual space:
  Non-class space:       30.00 MB reserved,      28.42 MB ( 95%) committed 
      Class space:        1.00 GB reserved,       4.38 MB ( <1%) committed 
             Both:        1.03 GB reserved,      32.80 MB (  3%) committed 

Chunk freelists:
   Non-Class:  7.38 KB
       Class:  640 bytes
        Both:  8.00 KB

CodeHeap 'non-profiled nmethods': size=239488Kb used=5167Kb max_used=5167Kb free=234320Kb
 bounds [0x00000278aa4a0000, 0x00000278aa9b0000, 0x00000278b8e80000]
CodeHeap 'non-nmethods': size=6272Kb used=1143Kb max_used=1143Kb free=5128Kb
 bounds [0x00000278a9e80000, 0x00000278aa0f0000, 0x00000278aa4a0000]
 total_blobs=3739 nmethods=3252 adapters=396
 compilation: enabled
              stopped_count=0, restarted_count=0
 full_count=0

Compilation events (10 events):
Event: 8.499 Thread 0x00000278c0492800 3247       1       java.util.ImmutableCollections$ListItr::<init> (25 bytes)
Event: 8.499 Thread 0x00000278c0492800 nmethod 3247 0x00000278aa9a6510 code [0x00000278aa9a66a0, 0x00000278aa9a6818]
Event: 8.500 Thread 0x00000278c0492800 3248       1       java.util.Properties::load0 (249 bytes)
Event: 8.501 Thread 0x00000278c0492800 nmethod 3248 0x00000278aa9a6890 code [0x00000278aa9a6a80, 0x00000278aa9a6eb0]
Event: 8.511 Thread 0x00000278c0492800 3249       1       java.nio.CharBuffer::arrayOffset (35 bytes)
Event: 8.511 Thread 0x00000278c0492800 nmethod 3249 0x00000278aa9a7190 code [0x00000278aa9a7360, 0x00000278aa9a7560]
Event: 8.511 Thread 0x00000278c0492800 3250 %     1       sun.nio.cs.UTF_8$Decoder::decodeArrayLoop @ 73 (691 bytes)
Event: 8.516 Thread 0x00000278c0492800 nmethod 3250% 0x00000278aa9a7690 code [0x00000278aa9a7d40, 0x00000278aa9a9c10]
Event: 8.523 Thread 0x00000278c0492800 3252       1       sun.security.provider.DigestBase::engineUpdate (189 bytes)
Event: 8.524 Thread 0x00000278c0492800 nmethod 3252 0x00000278aa9ab210 code [0x00000278aa9ab420, 0x00000278aa9aba30]

GC Heap History (10 events):
Event: 2.819 GC heap after
{Heap after GC invocations=3 (full 0):
 garbage-first heap   total 131072K, used 7091K [0x0000000080000000, 0x0000000100000000)
  region size 1024K, 2 young (2048K), 2 survivors (2048K)
 Metaspace       used 13907K, capacity 14187K, committed 14464K, reserved 1062912K
  class space    used 1470K, capacity 1587K, committed 1664K, reserved 1048576K
}
Event: 2.886 GC heap before
{Heap before GC invocations=3 (full 0):
 garbage-first heap   total 131072K, used 20403K [0x0000000080000000, 0x0000000100000000)
  region size 1024K, 16 young (16384K), 2 survivors (2048K)
 Metaspace       used 14148K, capacity 14469K, committed 14720K, reserved 1062912K
  class space    used 1497K, capacity 1596K, committed 1664K, reserved 1048576K
}
Event: 2.897 GC heap after
{Heap after GC invocations=4 (full 0):
 garbage-first heap   total 131072K, used 7290K [0x0000000080000000, 0x0000000100000000)
  region size 1024K, 1 young (1024K), 1 survivors (1024K)
 Metaspace       used 14148K, capacity 14469K, committed 14720K, reserved 1062912K
  class space    used 1497K, capacity 1596K, committed 1664K, reserved 1048576K
}
Event: 2.924 GC heap before
{Heap before GC invocations=4 (full 0):
 garbage-first heap   total 131072K, used 28794K [0x0000000080000000, 0x0000000100000000)
  region size 1024K, 23 young (23552K), 1 survivors (1024K)
 Metaspace       used 14148K, capacity 14469K, committed 14720K, reserved 1062912K
  class space    used 1497K, capacity 1596K, committed 1664K, reserved 1048576K
}
Event: 2.925 GC heap after
{Heap after GC invocations=5 (full 0):
 garbage-first heap   total 131072K, used 7307K [0x0000000080000000, 0x0000000100000000)
  region size 1024K, 1 young (1024K), 1 survivors (1024K)
 Metaspace       used 14148K, capacity 14469K, committed 14720K, reserved 1062912K
  class space    used 1497K, capacity 1596K, committed 1664K, reserved 1048576K
}
Event: 4.088 GC heap before
{Heap before GC invocations=5 (full 0):
 garbage-first heap   total 131072K, used 57483K [0x0000000080000000, 0x0000000100000000)
  region size 1024K, 51 young (52224K), 1 survivors (1024K)
 Metaspace       used 20597K, capacity 21111K, committed 21296K, reserved 1069056K
  class space    used 2463K, capacity 2668K, committed 2688K, reserved 1048576K
}
Event: 4.095 GC heap after
{Heap after GC invocations=6 (full 0):
 garbage-first heap   total 131072K, used 8823K [0x0000000080000000, 0x0000000100000000)
  region size 1024K, 2 young (2048K), 2 survivors (2048K)
 Metaspace       used 20597K, capacity 21111K, committed 21296K, reserved 1069056K
  class space    used 2463K, capacity 2668K, committed 2688K, reserved 1048576K
}
Event: 5.463 GC heap before
{Heap before GC invocations=7 (full 0):
 garbage-first heap   total 131072K, used 83575K [0x0000000080000000, 0x0000000100000000)
  region size 1024K, 76 young (77824K), 2 survivors (2048K)
 Metaspace       used 26133K, capacity 26901K, committed 26928K, reserved 1073152K
  class space    used 3170K, capacity 3453K, committed 3456K, reserved 1048576K
}
Event: 5.474 GC heap after
{Heap after GC invocations=8 (full 0):
 garbage-first heap   total 131072K, used 10412K [0x0000000080000000, 0x0000000100000000)
  region size 1024K, 4 young (4096K), 4 survivors (4096K)
 Metaspace       used 26133K, capacity 26901K, committed 26928K, reserved 1073152K
  class space    used 3170K, capacity 3453K, committed 3456K, reserved 1048576K
}
Event: 8.532 GC heap before
{Heap before GC invocations=8 (full 0):
 garbage-first heap   total 131072K, used 84140K [0x0000000080000000, 0x0000000100000000)
  region size 1024K, 76 young (77824K), 4 survivors (4096K)
 Metaspace       used 32260K, capacity 33328K, committed 33584K, reserved 1079296K
  class space    used 4075K, capacity 4475K, committed 4480K, reserved 1048576K
}

Deoptimization events (0 events):
No events

Classes redefined (0 events):
No events

Internal exceptions (10 events):
Event: 8.012 Thread 0x00000278c1099000 Exception <a 'java/lang/ClassNotFoundException'{0x000000008439ebd0}: java/lang/ObjectCustomizer> (0x000000008439ebd0) thrown at [./open/src/hotspot/share/classfile/systemDictionary.cpp, line 228]
Event: 8.014 Thread 0x00000278c1099000 Exception <a 'java/lang/ClassNotFoundException'{0x00000000843b6770}: org/springframework/transaction/annotation/AbstractTransactionManagementConfigurationCustomizer> (0x00000000843b6770) thrown at [./open/src/hotspot/share/classfile/systemDictionary.cpp, 
Event: 8.017 Thread 0x00000278c1099000 Exception <a 'java/lang/ClassNotFoundException'{0x00000000843cce50}: org/springframework/transaction/annotation/ProxyTransactionManagementConfigurationCustomizer> (0x00000000843cce50) thrown at [./open/src/hotspot/share/classfile/systemDictionary.cpp, lin
Event: 8.022 Thread 0x00000278c1099000 Exception <a 'java/lang/ClassNotFoundException'{0x00000000843edc00}: org/springframework/context/annotation/ImportAwareCustomizer> (0x00000000843edc00) thrown at [./open/src/hotspot/share/classfile/systemDictionary.cpp, line 228]
Event: 8.024 Thread 0x00000278c1099000 Exception <a 'java/lang/ClassNotFoundException'{0x00000000843fe588}: org/springframework/beans/factory/AwareCustomizer> (0x00000000843fe588) thrown at [./open/src/hotspot/share/classfile/systemDictionary.cpp, line 228]
Event: 8.136 Thread 0x00000278c1099000 Exception <a 'java/lang/NoSuchMethodError'{0x0000000083f21468}: java.lang.invoke.DirectMethodHandle$Holder.invokeSpecial(Ljava/lang/Object;Ljava/lang/Object;Ljava/lang/Object;Ljava/lang/Object;Ljava/lang/Object;)I> (0x0000000083f21468) thrown at [./open/s
Event: 8.371 Thread 0x00000278c1099000 Exception <a 'java/lang/NoSuchMethodError'{0x0000000083c8fe78}: java.lang.invoke.DirectMethodHandle$Holder.invokeInterface(Ljava/lang/Object;Ljava/lang/Object;I)V> (0x0000000083c8fe78) thrown at [./open/src/hotspot/share/interpreter/linkResolver.cpp, line
Event: 8.381 Thread 0x00000278c1099000 Exception <a 'java/lang/NoSuchMethodError'{0x0000000083cd4010}: java.lang.invoke.DirectMethodHandle$Holder.invokeStatic(Ljava/lang/Object;ILjava/lang/Object;)V> (0x0000000083cd4010) thrown at [./open/src/hotspot/share/interpreter/linkResolver.cpp, line 77
Event: 8.385 Thread 0x00000278c1099000 Exception <a 'java/lang/NoSuchMethodError'{0x0000000083cf9030}: java.lang.invoke.DirectMethodHandle$Holder.invokeVirtual(Ljava/lang/Object;Ljava/lang/Object;)I> (0x0000000083cf9030) thrown at [./open/src/hotspot/share/interpreter/linkResolver.cpp, line 77
Event: 8.386 Thread 0x00000278c1099000 Exception <a 'java/lang/NoSuchMethodError'{0x0000000083b83538}: java.lang.invoke.DirectMethodHandle$Holder.invokeSpecialIFC(Ljava/lang/Object;Ljava/lang/Object;Ljava/lang/Object;Ljava/lang/Object;)I> (0x0000000083b83538) thrown at [./open/src/hotspot/shar

Events (10 events):
Event: 8.522 loading class org/apache/tomcat/util/ExceptionUtils done
Event: 8.523 loading class java/io/File$TempDirectory
Event: 8.523 loading class java/io/File$TempDirectory done
Event: 8.531 loading class java/io/DeleteOnExitHook
Event: 8.531 loading class java/io/DeleteOnExitHook done
Event: 8.531 loading class java/io/DeleteOnExitHook$1
Event: 8.531 loading class java/io/DeleteOnExitHook$1 done
Event: 8.532 loading class org/apache/catalina/util/LocalStrings
Event: 8.532 loading class org/apache/catalina/util/LocalStrings done
Event: 8.532 Executing VM operation: G1CollectForAllocation


Dynamic libraries:
0x00007ff752b30000 - 0x00007ff752b77000 	C:\Program Files\Java\jdk-11.0.7\bin\java.exe
0x00007ffa9a3e0000 - 0x00007ffa9a5d0000 	C:\windows\SYSTEM32\ntdll.dll
0x00007ffa98a10000 - 0x00007ffa98ac2000 	C:\windows\System32\KERNEL32.DLL
0x00007ffa975a0000 - 0x00007ffa97843000 	C:\windows\System32\KERNELBASE.dll
0x00007ffa951c0000 - 0x00007ffa9524f000 	C:\windows\SYSTEM32\apphelp.dll
0x00007ffa99260000 - 0x00007ffa99303000 	C:\windows\System32\ADVAPI32.dll
0x00007ffa9a2c0000 - 0x00007ffa9a35e000 	C:\windows\System32\msvcrt.dll
0x00007ffa98820000 - 0x00007ffa988b7000 	C:\windows\System32\sechost.dll
0x00007ffa98f00000 - 0x00007ffa99020000 	C:\windows\System32\RPCRT4.dll
0x00007ffa990c0000 - 0x00007ffa99254000 	C:\windows\System32\USER32.dll
0x00007ffa974a0000 - 0x00007ffa974c1000 	C:\windows\System32\win32u.dll
0x00007ffa98790000 - 0x00007ffa987b6000 	C:\windows\System32\GDI32.dll
0x00007ffa97850000 - 0x00007ffa979e4000 	C:\windows\System32\gdi32full.dll
0x00007ffa983a0000 - 0x00007ffa9843e000 	C:\windows\System32\msvcp_win.dll
0x00007ffa97370000 - 0x00007ffa9746a000 	C:\windows\System32\ucrtbase.dll
0x00007ffa7aab0000 - 0x00007ffa7ad35000 	C:\windows\WinSxS\amd64_microsoft.windows.common-controls_6595b64144ccf1df_6.0.18362.778_none_e6c6b761130d4fb8\COMCTL32.dll
0x00007ffa98bc0000 - 0x00007ffa98ef6000 	C:\windows\System32\combase.dll
0x00007ffa97b40000 - 0x00007ffa97bc0000 	C:\windows\System32\bcryptPrimitives.dll
0x00007ffa8eeb0000 - 0x00007ffa8eeba000 	C:\windows\SYSTEM32\VERSION.dll
0x00007ffa9a370000 - 0x00007ffa9a39e000 	C:\windows\System32\IMM32.DLL
0x00007ffa666b0000 - 0x00007ffa66db1000 	C:\Program Files\McAfee\DLP\Agent\fcagpph64.dll
0x00007ffa99310000 - 0x00007ffa999f5000 	C:\windows\System32\SHELL32.dll
0x00007ffa98440000 - 0x00007ffa9848a000 	C:\windows\System32\cfgmgr32.dll
0x00007ffa99f40000 - 0x00007ffa99fe9000 	C:\windows\System32\shcore.dll
0x00007ffa97bc0000 - 0x00007ffa98340000 	C:\windows\System32\windows.storage.dll
0x00007ffa972b0000 - 0x00007ffa972d3000 	C:\windows\System32\profapi.dll
0x00007ffa97300000 - 0x00007ffa9734a000 	C:\windows\System32\powrprof.dll
0x00007ffa972a0000 - 0x00007ffa972b0000 	C:\windows\System32\UMPDC.dll
0x00007ffa9a0a0000 - 0x00007ffa9a0f2000 	C:\windows\System32\shlwapi.dll
0x00007ffa97350000 - 0x00007ffa97361000 	C:\windows\System32\kernel.appcore.dll
0x00007ffa97580000 - 0x00007ffa97597000 	C:\windows\System32\cryptsp.dll
0x00007ffa9a100000 - 0x00007ffa9a257000 	C:\windows\System32\ole32.dll
0x00007ffa99e70000 - 0x00007ffa99f34000 	C:\windows\System32\OLEAUT32.dll
0x00007ffa7ef70000 - 0x00007ffa7eff9000 	C:\windows\SYSTEM32\WINSPOOL.DRV
0x00007ffa97470000 - 0x00007ffa97496000 	C:\windows\System32\bcrypt.dll
0x00007ffa931a0000 - 0x00007ffa9328f000 	C:\windows\SYSTEM32\PROPSYS.dll
0x00007ffa967c0000 - 0x00007ffa967fa000 	C:\windows\SYSTEM32\IPHLPAPI.DLL
0x00007ffa97190000 - 0x00007ffa971bf000 	C:\windows\SYSTEM32\SspiCli.dll
0x00007ffa962f0000 - 0x00007ffa96321000 	C:\windows\SYSTEM32\ntmarta.dll
0x00007ffa71bd0000 - 0x00007ffa71c82000 	C:\Program Files\McAfee\Endpoint Security\Threat Prevention\Ips\EpMPApi.dll
0x00007ffa98340000 - 0x00007ffa9839c000 	C:\windows\System32\WINTRUST.dll
0x00007ffa972e0000 - 0x00007ffa972f2000 	C:\windows\System32\MSASN1.dll
0x00000278a0bd0000 - 0x00000278a0d19000 	C:\windows\System32\CRYPT32.dll
0x000000006a9e0000 - 0x000000006a9ec000 	C:\Program Files\McAfee\Endpoint Security\Threat Prevention\Ips\EpMPThe.dll
0x00007ffa6ed20000 - 0x00007ffa6ed59000 	C:\Program Files\McAfee\Endpoint Security\Threat Prevention\Ips\HIPHandlers64.dll
0x00007ffa78200000 - 0x00007ffa78216000 	C:\Program Files\Java\jdk-11.0.7\bin\vcruntime140.dll
0x00007ffa656a0000 - 0x00007ffa6574a000 	C:\Program Files\Java\jdk-11.0.7\bin\msvcp140.dll
0x00007ffa59d70000 - 0x00007ffa5a8d1000 	C:\Program Files\Java\jdk-11.0.7\bin\server\jvm.dll
0x00007ffa985d0000 - 0x00007ffa985d8000 	C:\windows\System32\PSAPI.DLL
0x00007ffa82220000 - 0x00007ffa82229000 	C:\windows\SYSTEM32\WSOCK32.dll
0x00007ffa99050000 - 0x00007ffa990bf000 	C:\windows\System32\WS2_32.dll
0x00007ffa95480000 - 0x00007ffa954a4000 	C:\windows\SYSTEM32\WINMM.dll
0x00007ffa95450000 - 0x00007ffa9547d000 	C:\windows\SYSTEM32\WINMMBASE.dll
0x00007ffa768c0000 - 0x00007ffa768d1000 	C:\Program Files\Java\jdk-11.0.7\bin\verify.dll
0x00007ffa89750000 - 0x00007ffa89944000 	C:\windows\SYSTEM32\DBGHELP.DLL
0x00007ffa88e50000 - 0x00007ffa88e7a000 	C:\windows\SYSTEM32\dbgcore.DLL
0x00007ffa735c0000 - 0x00007ffa735e9000 	C:\Program Files\Java\jdk-11.0.7\bin\java.dll
0x00007ffa85070000 - 0x00007ffa8507a000 	C:\Program Files\Java\jdk-11.0.7\bin\jimage.dll
0x00007ffa6aef0000 - 0x00007ffa6af20000 	C:\Program Files\Java\jdk-11.0.7\bin\instrument.dll
0x00007ffa75870000 - 0x00007ffa75886000 	C:\Program Files\Java\jdk-11.0.7\bin\zip.dll
0x00007ffa73650000 - 0x00007ffa73669000 	C:\Program Files\Java\jdk-11.0.7\bin\net.dll
0x00007ffa8f860000 - 0x00007ffa8f950000 	C:\windows\SYSTEM32\WINHTTP.dll
0x00007ffa96ab0000 - 0x00007ffa96b17000 	C:\windows\system32\mswsock.dll
0x00007ffa72da0000 - 0x00007ffa72db3000 	C:\Program Files\Java\jdk-11.0.7\bin\nio.dll
0x00007ffa73670000 - 0x00007ffa7368a000 	C:\Program Files\JetBrains\IntelliJ IDEA 2020.1.1\bin\breakgen64.dll
0x00007ffa96810000 - 0x00007ffa968da000 	C:\windows\SYSTEM32\DNSAPI.dll
0x00007ffa9a360000 - 0x00007ffa9a368000 	C:\windows\System32\NSI.dll
0x00007ffa8f440000 - 0x00007ffa8f44a000 	C:\Windows\System32\rasadhlp.dll
0x00007ffa937e0000 - 0x00007ffa93857000 	C:\windows\System32\fwpuclnt.dll
0x00007ffa83210000 - 0x00007ffa83219000 	C:\Program Files\Java\jdk-11.0.7\bin\management.dll
0x00007ffa82f40000 - 0x00007ffa82f4c000 	C:\Program Files\Java\jdk-11.0.7\bin\management_ext.dll
0x00007ffa96620000 - 0x00007ffa96653000 	C:\windows\system32\rsaenh.dll
0x00007ffa971c0000 - 0x00007ffa971e5000 	C:\windows\SYSTEM32\USERENV.dll
0x00007ffa96c80000 - 0x00007ffa96c8c000 	C:\windows\SYSTEM32\CRYPTBASE.dll
0x00007ffa934d0000 - 0x00007ffa934e6000 	C:\windows\SYSTEM32\dhcpcsvc6.DLL
0x00007ffa93460000 - 0x00007ffa9347c000 	C:\windows\SYSTEM32\dhcpcsvc.DLL
0x00007ffa819a0000 - 0x00007ffa819b6000 	C:\windows\system32\napinsp.dll
0x00007ffa819c0000 - 0x00007ffa819da000 	C:\windows\system32\pnrpnsp.dll
0x00007ffa819e0000 - 0x00007ffa819ee000 	C:\windows\System32\winrnr.dll
0x00007ffa93b30000 - 0x00007ffa93b4c000 	C:\windows\system32\NLAapi.dll
0x00007ffa81a20000 - 0x00007ffa81a35000 	C:\windows\system32\wshbth.dll

dbghelp: loaded successfully - version: 4.0.5 - missing functions: none
symbol engine: initialized successfully - sym options: 0x614 - pdb path: .;C:\Program Files\Java\jdk-11.0.7\bin;C:\windows\SYSTEM32;C:\windows\WinSxS\amd64_microsoft.windows.common-controls_6595b64144ccf1df_6.0.18362.778_none_e6c6b761130d4fb8;C:\Program Files\McAfee\DLP\Agent;C:\Program Files\McAfee\Endpoint Security\Threat Prevention\Ips;C:\Program Files\Java\jdk-11.0.7\bin\server;C:\Program Files\JetBrains\IntelliJ IDEA 2020.1.1\bin

VM Arguments:
jvm_args: -XX:TieredStopAtLevel=1 -Xverify:none -Dspring.output.ansi.enabled=always -Dcom.sun.management.jmxremote -Dspring.jmx.enabled=true -Dspring.liveBeansView.mbeanDomain -Dspring.application.admin.enabled=true -javaagent:C:\Program Files\JetBrains\IntelliJ IDEA 2020.1.1\lib\idea_rt.jar=64982:C:\Program Files\JetBrains\IntelliJ IDEA 2020.1.1\bin -Dfile.encoding=UTF-8 
java_command: com.vivek.spring.restAPI.Application
java_class_path (initial): C:\Users\vivek.rathi\Desktop\SpringBootPractice\SpringBootPractice-master\com.vivek.spring.restAPI\build\classes\java\main;C:\Users\vivek.rathi\Desktop\SpringBootPractice\SpringBootPractice-master\com.vivek.spring.restAPI\build\resources\main;C:\Users\vivek.rathi\.gradle\caches\modules-2\files-2.1\org.projectlombok\lombok\1.18.12\48e4e5d60309ebd833bc528dcf77668eab3cd72c\lombok-1.18.12.jar;C:\Users\vivek.rathi\.gradle\caches\modules-2\files-2.1\org.springframework.boot\spring-boot-starter-data-jpa\2.2.7.RELEASE\66c4e94702455c185a3de90e17b017cbeeda5037\spring-boot-starter-data-jpa-2.2.7.RELEASE.jar;C:\Users\vivek.rathi\.gradle\caches\modules-2\files-2.1\org.springframework.boot\spring-boot-starter-web\2.2.7.RELEASE\8b0a33ac19051db7d6afe75ac2e870c416420800\spring-boot-starter-web-2.2.7.RELEASE.jar;C:\Users\vivek.rathi\.gradle\caches\modules-2\files-2.1\org.springframework.boot\spring-boot-starter-aop\2.2.7.RELEASE\5f444f12dac81cdad70c6060f291b2a30269e5c8\spring-boot-starter-aop-2.2.7.RELEASE.jar;C:\Users\vivek.rathi\.gradle\caches\modules-2\files-2.1\org.springframework.boot\spring-boot-starter-jdbc\2.2.7.RELEASE\213b136ad02082aa334447915ad43e1a983c698b\spring-boot-starter-jdbc-2.2.7.RELEASE.jar;C:\Users\vivek.rathi\.gradle\caches\modules-2\files-2.1\jakarta.persistence\jakarta.persistence-api\2.2.3\8f6ea5daedc614f07a3654a455660145286f024e\jakarta.persistence-api-2.2.3.jar;C:\Users\vivek.rathi\.gradle\caches\modules-2\files-2.1\jakarta.transaction\jakarta.transaction-api\1.3.3\c4179d48720a1e87202115fbed6089bdc4195405\jakarta.transaction-api-1.3.3.jar;C:\Users\vivek.rathi\.gradle\caches\modules-2\files-2.1\org.hibernate\hibernate-core\5.4.15.Final\31cda11d971f6790a2dc78eb7a9c4e587e6b0dfd\hibernate-core-5.4.15.Final.jar;C:\Users\vivek.rathi\.gradle\caches\modules-2\files-2.1\org.springframework.data\spring-data-jpa\2.2.7.RELEASE\75e7017bcd45f93a47fd34055534aed0e7298694\spring-data-jpa-2.2.7.RELEASE.jar;C:\Users\vivek.rathi\.gradle\caches\modu
Launcher Type: SUN_STANDARD

[Global flags]
     bool BytecodeVerificationLocal                = false                                     {product} {command line}
     bool BytecodeVerificationRemote               = false                                     {product} {command line}
     intx CICompilerCount                          = 2                                         {product} {ergonomic}
     uint ConcGCThreads                            = 1                                         {product} {ergonomic}
     uint G1ConcRefinementThreads                  = 2                                         {product} {ergonomic}
   size_t G1HeapRegionSize                         = 1048576                                   {product} {ergonomic}
    uintx GCDrainStackTargetSize                   = 64                                        {product} {ergonomic}
   size_t InitialHeapSize                          = 134217728                                 {product} {ergonomic}
     bool ManagementServer                         = true                                      {product} {command line}
   size_t MarkStackSize                            = 4194304                                   {product} {ergonomic}
   size_t MaxHeapSize                              = 2147483648                                {product} {ergonomic}
   size_t MaxNewSize                               = 1287651328                                {product} {ergonomic}
   size_t MinHeapDeltaBytes                        = 1048576                                   {product} {ergonomic}
    uintx NonNMethodCodeHeapSize                   = 6396312                                {pd product} {ergonomic}
    uintx NonProfiledCodeHeapSize                  = 245261928                              {pd product} {ergonomic}
    uintx ProfiledCodeHeapSize                     = 0                                      {pd product} {ergonomic}
    uintx ReservedCodeCacheSize                    = 251658240                              {pd product} {ergonomic}
     bool SegmentedCodeCache                       = true                                      {product} {ergonomic}
     intx TieredStopAtLevel                        = 1                                         {product} {command line}
     bool UseCompressedClassPointers               = true                                 {lp64_product} {ergonomic}
     bool UseCompressedOops                        = true                                 {lp64_product} {ergonomic}
     bool UseG1GC                                  = true                                      {product} {ergonomic}
     bool UseLargePagesIndividualAllocation        = false                                  {pd product} {ergonomic}

Logging:
Log output configuration:
 #0: stdout all=warning uptime,level,tags
 #1: stderr all=off uptime,level,tags

Environment Variables:
PATH=C:\windows\system32;C:\windows;C:\windows\System32\Wbem;C:\windows\System32\WindowsPowerShell\v1.0\;C:\windows\System32\OpenSSH\;C:\Users\vivek.rathi\AppData\Local\Microsoft\WindowsApps
USERNAME=vivek.rathi
OS=Windows_NT
PROCESSOR_IDENTIFIER=Intel64 Family 6 Model 79 Stepping 1, GenuineIntel



---------------  S Y S T E M  ---------------

OS: Windows 10 , 64 bit Build 18362 (10.0.18362.778)

CPU:total 2 (initial active 2) (1 cores per cpu, 2 threads per core) family 6 model 79 stepping 1, cmov, cx8, fxsr, mmx, sse, sse2, sse3, ssse3, sse4.1, sse4.2, popcnt, avx, avx2, aes, clmul, erms, rtm, 3dnowpref, lzcnt, ht, tsc, bmi1, bmi2, adx, fma

Memory: 4k page, system-wide physical 8191M (645M free)
TotalPageFile size 10238M (AvailPageFile size 10M)
current process WorkingSet (physical memory assigned to process): 174M, peak: 174M
current process commit charge ("private bytes"): 242M, peak: 302M

vm_info: Java HotSpot(TM) 64-Bit Server VM (11.0.7+8-LTS) for windows-amd64 JRE (11.0.7+8-LTS), built on Mar 12 2020 02:04:32 by "mach5one" with MS VC++ 15.5 (VS2017)

END.
